INFO:ipypublish:started ipypublish v0.10.1 at Sat May  4 15:27:19 2019
INFO:ipypublish:logging to: /home/jovyan/coursera_capstone/converted/capstone_project.nbpub.log
INFO:ipypublish:running for ipynb(s) at: capstone_project.ipynb
INFO:ipypublish:with conversion configuration: slides_ipypublish_nocode
INFO:nbmerge:Reading notebook
INFO:ipypublish:finding conversion configuration: slides_ipypublish_nocode
INFO:ipypublish:loading conversion configuration
INFO:ipypublish:creating exporter
INFO:ipypublish:creating template and loading filters
INFO:ipypublish:creating process configuration
INFO:ipypublish:running nbconvert
INFO:root:adding ipub defaults to notebook
INFO:root:splitting outputs into separate cells
INFO:resolve_links:resolving external file paths in ipub metadata to: capstone_project.ipynb
INFO:root:processing notebook for html output in ipub metadata to: capstone_project.ipynb
INFO:root:converting latex tags to html
INFO:captions:extracting caption cells
INFO:root:creating slides based on markdown and existing slide tags
INFO:write-text-file:writing stream to file: /home/jovyan/coursera_capstone/converted/capstone_project.slides.html
INFO:copy-resource-paths:copying files in resources[external_file_paths] to: /home/jovyan/coursera_capstone/converted/capstone_project_files
INFO:reveal-server:Redirecting reveal.js requests to https://cdnjs.cloudflare.com/ajax/libs/reveal.js/3.1.0
INFO:reveal-server:Redirecting reveal.js requests to https://cdnjs.cloudflare.com/ajax/libs/reveal.js/3.1.0
INFO:reveal-server:Attempting to serve at http://127.0.0.1:8000/capstone_project.slides.html
INFO:reveal-server:Serving your slides at http://127.0.0.1:8000/capstone_project.slides.html
INFO:reveal-server:Use Control-C to stop this server
INFO:reveal-server:
Interrupted
INFO:ipypublish:process finished successfully
